#
# There is insufficient memory for the Java Runtime Environment to continue.
# Native memory allocation (mmap) failed to map 100663296 bytes for G1 virtual space
# Possible reasons:
#   The system is out of physical RAM or swap space
#   The process is running with CompressedOops enabled, and the Java Heap may be blocking the growth of the native heap
# Possible solutions:
#   Reduce memory load on the system
#   Increase physical memory or swap space
#   Check if swap backing store is full
#   Decrease Java heap size (-Xmx/-Xms)
#   Decrease number of Java threads
#   Decrease Java thread stack sizes (-Xss)
#   Set larger code cache with -XX:ReservedCodeCacheSize=
#   JVM is running with Unscaled Compressed Oops mode in which the Java heap is
#     placed in the first 4GB address space. The Java Heap base address is the
#     maximum limit for the native heap growth. Please use -XX:HeapBaseMinAddress
#     to set the Java Heap base and to place the Java Heap above 4GB virtual address.
# This output file may be truncated or incomplete.
#
#  Out of Memory Error (os_windows.cpp:3541), pid=19836, tid=21132
#
# JRE version:  (17.0.4.1+1) (build )
# Java VM: OpenJDK 64-Bit Server VM (17.0.4.1+1, mixed mode, sharing, tiered, compressed oops, compressed class ptrs, g1 gc, windows-amd64)
# No core dump will be written. Minidumps are not enabled by default on client versions of Windows
#

---------------  S U M M A R Y ------------

Command Line: -Dfile.encoding=UTF-8 --module-path=F:\VinaEnter\LuyenTap4\BT4\bin -XX:+ShowCodeDetailsInExceptionMessages -Djdk.module.main=BT4 BT4/news.ListNews

Host: Intel(R) Core(TM) i7-4720HQ CPU @ 2.60GHz, 8 cores, 5G,  Windows 10 , 64 bit Build 18362 (10.0.18362.1500)
Time: Wed Nov 30 00:52:24 2022 SE Asia Standard Time elapsed time: 0.078568 seconds (0d 0h 0m 0s)

---------------  T H R E A D  ---------------

Current thread (0x00000274911c11c0):  JavaThread "Unknown thread" [_thread_in_vm, id=21132, stack(0x00000086c2000000,0x00000086c2100000)]

Stack: [0x00000086c2000000,0x00000086c2100000]
Native frames: (J=compiled Java code, j=interpreted, Vv=VM code, C=native code)
V  [jvm.dll+0x67731a]
V  [jvm.dll+0x832284]
V  [jvm.dll+0x833a2e]
V  [jvm.dll+0x834093]
V  [jvm.dll+0x245775]
V  [jvm.dll+0x674209]
V  [jvm.dll+0x668a92]
V  [jvm.dll+0x30471b]
V  [jvm.dll+0x30bc66]
V  [jvm.dll+0x35ba9e]
V  [jvm.dll+0x35bccf]
V  [jvm.dll+0x2db5b8]
V  [jvm.dll+0x2dc524]
V  [jvm.dll+0x803db1]
V  [jvm.dll+0x3698f1]
V  [jvm.dll+0x7e31bc]
V  [jvm.dll+0x3ec25f]
V  [jvm.dll+0x3edde1]
C  [jli.dll+0x5277]
C  [ucrtbase.dll+0x210b2]
C  [KERNEL32.DLL+0x17c24]
C  [ntdll.dll+0x6d721]


---------------  P R O C E S S  ---------------

Threads class SMR info:
_java_thread_list=0x00007ffaa2394e98, length=0, elements={
}

Java Threads: ( => current thread )

Other Threads:
  0x000002749120ec40 GCTaskThread "GC Thread#0" [stack: 0x00000086c2100000,0x00000086c2200000] [id=22428]
  0x000002749121c760 ConcurrentGCThread "G1 Main Marker" [stack: 0x00000086c2200000,0x00000086c2300000] [id=16648]
  0x000002749121e8a0 ConcurrentGCThread "G1 Conc#0" [stack: 0x00000086c2300000,0x00000086c2400000] [id=22072]

[error occurred during error reporting (printing all threads), id 0xc0000005, EXCEPTION_ACCESS_VIOLATION (0xc0000005) at pc=0x00007ffaa1b6c047]

VM state: not at safepoint (not fully initialized)

VM Mutex/Monitor currently owned by a thread:  ([mutex/lock_event])
[0x00000274911bcb30] Heap_lock - owner thread: 0x00000274911c11c0

Heap address: 0x00000000a1a00000, size: 1510 MB, Compressed Oops mode: 32-bit

CDS archive(s) mapped at: [0x0000000000000000-0x0000000000000000-0x0000000000000000), size 0, SharedBaseAddress: 0x0000000800000000, ArchiveRelocationMode: 0.
Narrow klass base: 0x0000000000000000, Narrow klass shift: 0, Narrow klass range: 0x0

GC Precious Log:
<Empty>

Heap:
 garbage-first heap   total 0K, used 0K [0x00000000a1a00000, 0x0000000100000000)
  region size 1024K, 0 young (0K), 0 survivors (0K)

[error occurred during error reporting (printing heap information), id 0xc0000005, EXCEPTION_ACCESS_VIOLATION (0xc0000005) at pc=0x00007ffaa1f50699]

GC Heap History (0 events):
No events

Deoptimization events (0 events):
No events

Classes unloaded (0 events):
No events

Classes redefined (0 events):
No events

Internal exceptions (0 events):
No events

VM Operations (0 events):
No events

Events (1 events):
Event: 0.018 Loaded shared library F:\VinaEnter\Eclipes\eclipse-java-2022-09-R-win32-x86_64\eclipse\plugins\org.eclipse.justj.openjdk.hotspot.jre.full.win32.x86_64_17.0.4.v20220903-1038\jre\bin\java.dll


Dynamic libraries:
0x00007ff7dd580000 - 0x00007ff7dd58e000 	F:\VinaEnter\Eclipes\eclipse-java-2022-09-R-win32-x86_64\eclipse\plugins\org.eclipse.justj.openjdk.hotspot.jre.full.win32.x86_64_17.0.4.v20220903-1038\jre\bin\javaw.exe
0x00007ffaf9740000 - 0x00007ffaf9930000 	C:\Windows\SYSTEM32\ntdll.dll
0x00007ffaf9640000 - 0x00007ffaf96f2000 	C:\Windows\System32\KERNEL32.DLL
0x00007ffaf67d0000 - 0x00007ffaf6a75000 	C:\Windows\System32\KERNELBASE.dll
0x00007ffaf76f0000 - 0x00007ffaf77ea000 	C:\Windows\System32\ucrtbase.dll
0x00007ffaf1c90000 - 0x00007ffaf1ca8000 	F:\VinaEnter\Eclipes\eclipse-java-2022-09-R-win32-x86_64\eclipse\plugins\org.eclipse.justj.openjdk.hotspot.jre.full.win32.x86_64_17.0.4.v20220903-1038\jre\bin\jli.dll
0x00007ffaf2480000 - 0x00007ffaf2499000 	F:\VinaEnter\Eclipes\eclipse-java-2022-09-R-win32-x86_64\eclipse\plugins\org.eclipse.justj.openjdk.hotspot.jre.full.win32.x86_64_17.0.4.v20220903-1038\jre\bin\VCRUNTIME140.dll
0x00007ffaf8f20000 - 0x00007ffaf90b4000 	C:\Windows\System32\USER32.dll
0x00007ffaf7320000 - 0x00007ffaf7341000 	C:\Windows\System32\win32u.dll
0x00007ffae93d0000 - 0x00007ffae9654000 	C:\Windows\WinSxS\amd64_microsoft.windows.common-controls_6595b64144ccf1df_6.0.18362.1556_none_9e7e372fe45e41d5\COMCTL32.dll
0x00007ffaf7bf0000 - 0x00007ffaf7c16000 	C:\Windows\System32\GDI32.dll
0x00007ffaf8ac0000 - 0x00007ffaf8b5e000 	C:\Windows\System32\msvcrt.dll
0x00007ffaf7350000 - 0x00007ffaf74e8000 	C:\Windows\System32\gdi32full.dll
0x00007ffaf91a0000 - 0x00007ffaf94d6000 	C:\Windows\System32\combase.dll
0x00007ffaf74f0000 - 0x00007ffaf758e000 	C:\Windows\System32\msvcp_win.dll
0x00007ffaf7ad0000 - 0x00007ffaf7bef000 	C:\Windows\System32\RPCRT4.dll
0x00007ffaf6a80000 - 0x00007ffaf6b01000 	C:\Windows\System32\bcryptPrimitives.dll
0x00007ffaf8d40000 - 0x00007ffaf8d6e000 	C:\Windows\System32\IMM32.DLL
0x00007ffaf1c80000 - 0x00007ffaf1c8c000 	F:\VinaEnter\Eclipes\eclipse-java-2022-09-R-win32-x86_64\eclipse\plugins\org.eclipse.justj.openjdk.hotspot.jre.full.win32.x86_64_17.0.4.v20220903-1038\jre\bin\vcruntime140_1.dll
0x00007ffae9ae0000 - 0x00007ffae9b71000 	F:\VinaEnter\Eclipes\eclipse-java-2022-09-R-win32-x86_64\eclipse\plugins\org.eclipse.justj.openjdk.hotspot.jre.full.win32.x86_64_17.0.4.v20220903-1038\jre\bin\msvcp140.dll
0x00007ffaa1880000 - 0x00007ffaa24c6000 	F:\VinaEnter\Eclipes\eclipse-java-2022-09-R-win32-x86_64\eclipse\plugins\org.eclipse.justj.openjdk.hotspot.jre.full.win32.x86_64_17.0.4.v20220903-1038\jre\bin\server\jvm.dll
0x00007ffaf8160000 - 0x00007ffaf8203000 	C:\Windows\System32\ADVAPI32.dll
0x00007ffaf7a30000 - 0x00007ffaf7ac7000 	C:\Windows\System32\sechost.dll
0x00007ffaf9560000 - 0x00007ffaf9568000 	C:\Windows\System32\PSAPI.DLL
0x00007ffaf02b0000 - 0x00007ffaf02ba000 	C:\Windows\SYSTEM32\VERSION.dll
0x00007ffae6940000 - 0x00007ffae6949000 	C:\Windows\SYSTEM32\WSOCK32.dll
0x00007ffaf3f00000 - 0x00007ffaf3f24000 	C:\Windows\SYSTEM32\WINMM.dll
0x00007ffaf8c10000 - 0x00007ffaf8c7f000 	C:\Windows\System32\WS2_32.dll
0x00007ffaf3810000 - 0x00007ffaf383d000 	C:\Windows\SYSTEM32\WINMMBASE.dll
0x00007ffaf66b0000 - 0x00007ffaf66fa000 	C:\Windows\System32\cfgmgr32.dll
0x00007ffaf6620000 - 0x00007ffaf6631000 	C:\Windows\System32\kernel.appcore.dll
0x00007ffad74e0000 - 0x00007ffad74ea000 	F:\VinaEnter\Eclipes\eclipse-java-2022-09-R-win32-x86_64\eclipse\plugins\org.eclipse.justj.openjdk.hotspot.jre.full.win32.x86_64_17.0.4.v20220903-1038\jre\bin\jimage.dll
0x00007ffad7630000 - 0x00007ffad7824000 	C:\Windows\SYSTEM32\DBGHELP.DLL
0x00007ffad7600000 - 0x00007ffad762a000 	C:\Windows\SYSTEM32\dbgcore.DLL
0x00007ffaca180000 - 0x00007ffaca1a5000 	F:\VinaEnter\Eclipes\eclipse-java-2022-09-R-win32-x86_64\eclipse\plugins\org.eclipse.justj.openjdk.hotspot.jre.full.win32.x86_64_17.0.4.v20220903-1038\jre\bin\java.dll

dbghelp: loaded successfully - version: 4.0.5 - missing functions: none
symbol engine: initialized successfully - sym options: 0x614 - pdb path: .;F:\VinaEnter\Eclipes\eclipse-java-2022-09-R-win32-x86_64\eclipse\plugins\org.eclipse.justj.openjdk.hotspot.jre.full.win32.x86_64_17.0.4.v20220903-1038\jre\bin;C:\Windows\SYSTEM32;C:\Windows\WinSxS\amd64_microsoft.windows.common-controls_6595b64144ccf1df_6.0.18362.1556_none_9e7e372fe45e41d5;F:\VinaEnter\Eclipes\eclipse-java-2022-09-R-win32-x86_64\eclipse\plugins\org.eclipse.justj.openjdk.hotspot.jre.full.win32.x86_64_17.0.4.v20220903-1038\jre\bin\server

VM Arguments:
jvm_args: -Dfile.encoding=UTF-8 --module-path=F:\VinaEnter\LuyenTap4\BT4\bin -XX:+ShowCodeDetailsInExceptionMessages -Djdk.module.main=BT4 
java_command: BT4/news.ListNews
java_class_path (initial): <not set>
Launcher Type: SUN_STANDARD

[Global flags]
     intx CICompilerCount                          = 4                                         {product} {ergonomic}
     uint ConcGCThreads                            = 2                                         {product} {ergonomic}
     uint G1ConcRefinementThreads                  = 8                                         {product} {ergonomic}
   size_t G1HeapRegionSize                         = 1048576                                   {product} {ergonomic}
    uintx GCDrainStackTargetSize                   = 64                                        {product} {ergonomic}
   size_t InitialHeapSize                          = 100663296                                 {product} {ergonomic}
   size_t MarkStackSize                            = 4194304                                   {product} {ergonomic}
   size_t MaxHeapSize                              = 1583349760                                {product} {ergonomic}
   size_t MinHeapDeltaBytes                        = 1048576                                   {product} {ergonomic}
   size_t MinHeapSize                              = 8388608                                   {product} {ergonomic}
    uintx NonNMethodCodeHeapSize                   = 5839372                                {pd product} {ergonomic}
    uintx NonProfiledCodeHeapSize                  = 122909434                              {pd product} {ergonomic}
    uintx ProfiledCodeHeapSize                     = 122909434                              {pd product} {ergonomic}
    uintx ReservedCodeCacheSize                    = 251658240                              {pd product} {ergonomic}
     bool SegmentedCodeCache                       = true                                      {product} {ergonomic}
     bool ShowCodeDetailsInExceptionMessages       = true                                   {manageable} {command line}
   size_t SoftMaxHeapSize                          = 1583349760                             {manageable} {ergonomic}
     bool UseCompressedClassPointers               = true                           {product lp64_product} {ergonomic}
     bool UseCompressedOops                        = true                           {product lp64_product} {ergonomic}
     bool UseG1GC                                  = true                                      {product} {ergonomic}
     bool UseLargePagesIndividualAllocation        = false                                  {pd product} {ergonomic}

Logging:
Log output configuration:
 #0: stdout all=warning uptime,level,tags
 #1: stderr all=off uptime,level,tags

Environment Variables:
JAVA_HOME=C:\Program Files\Java\jdk-19
PATH=F:/VinaEnter/Eclipes/eclipse-java-2022-09-R-win32-x86_64/eclipse//plugins/org.eclipse.justj.openjdk.hotspot.jre.full.win32.x86_64_17.0.4.v20220903-1038/jre/bin/server;F:/VinaEnter/Eclipes/eclipse-java-2022-09-R-win32-x86_64/eclipse//plugins/org.eclipse.justj.openjdk.hotspot.jre.full.win32.x86_64_17.0.4.v20220903-1038/jre/bin;C:\Program Files\Common Files\Oracle\Java\javapath;C:\Program Files (x86)\NVIDIA Corporation\PhysX\Common;C:\Windows\system32;C:\Windows;C:\Windows\System32\Wbem;C:\Windows\System32\WindowsPowerShell\v1.0\;C:\Windows\System32\OpenSSH\;C:\Program Files\Microsoft SQL Server\Client SDK\ODBC\110\Tools\Binn\;C:\Program Files (x86)\Microsoft SQL Server\120\Tools\Binn\;C:\Program Files\Microsoft SQL Server\120\Tools\Binn\;C:\Program Files\Microsoft SQL Server\120\DTS\Binn\;C:\Program Files (x86)\Windows Kits\8.1\Windows Performance Toolkit\;C:\Program Files\Git\cmd;C:\Program Files\Java\jdk-19\bin;C:\Users\Xuan-The-PC\AppData\Local\Microsoft\WindowsApps;F:\VinaEnter\Eclipes\eclipse-java-2022-09-R-win32-x86_64\eclipse;
USERNAME=Xuan-The-PC
OS=Windows_NT
PROCESSOR_IDENTIFIER=Intel64 Family 6 Model 60 Stepping 3, GenuineIntel
TMP=C:\Users\XUAN-T~1\AppData\Local\Temp
TEMP=C:\Users\XUAN-T~1\AppData\Local\Temp



---------------  S Y S T E M  ---------------

OS:
 Windows 10 , 64 bit Build 18362 (10.0.18362.1500)
OS uptime: 0 days 11:15 hours

CPU: total 8 (initial active 8) (4 cores per cpu, 2 threads per core) family 6 model 60 stepping 3 microcode 0x28, cx8, cmov, fxsr, ht, mmx, sse, sse2, sse3, ssse3, sse4.1, sse4.2, popcnt, lzcnt, tsc, tscinvbit, avx, avx2, aes, erms, clmul, bmi1, bmi2, fma, vzeroupper, clflush

Memory: 4k page, system-wide physical 6033M (920M free)
TotalPageFile size 24465M (AvailPageFile size 43M)
current process WorkingSet (physical memory assigned to process): 10M, peak: 10M
current process commit charge ("private bytes"): 60M, peak: 155M

vm_info: OpenJDK 64-Bit Server VM (17.0.4.1+1) for windows-amd64 JRE (17.0.4.1+1), built on Aug 17 2022 07:42:43 by "temurin" with MS VC++ 16.7 (VS2019)

END.
